0 info it worked if it ends with ok
1 verbose cli [ '/usr/local/bin/node', '/usr/local/bin/npm', 'publish' ]
2 info using npm@3.10.10
3 info using node@v6.11.0
4 verbose publish [ '.' ]
5 silly cache add args [ '.', null ]
6 verbose cache add spec .
7 silly cache add parsed spec Result {
7 silly cache add   raw: '.',
7 silly cache add   scope: null,
7 silly cache add   escapedName: null,
7 silly cache add   name: null,
7 silly cache add   rawSpec: '.',
7 silly cache add   spec: '/Users/tymm0/Documents/NodeProjects/node-logger',
7 silly cache add   type: 'directory' }
8 verbose addLocalDirectory /Users/tymm0/.npm/node-logger/1.0.0/package.tgz not in flight; packing
9 verbose correctMkdir /Users/tymm0/.npm correctMkdir not in flight; initializing
10 info lifecycle node-logger@1.0.0~prepublish: node-logger@1.0.0
11 silly lifecycle node-logger@1.0.0~prepublish: no script for prepublish, continuing
12 verbose tar pack [ '/Users/tymm0/.npm/node-logger/1.0.0/package.tgz',
12 verbose tar pack   '/Users/tymm0/Documents/NodeProjects/node-logger' ]
13 verbose tarball /Users/tymm0/.npm/node-logger/1.0.0/package.tgz
14 verbose folder /Users/tymm0/Documents/NodeProjects/node-logger
15 verbose addLocalTarball adding from inside cache /Users/tymm0/.npm/node-logger/1.0.0/package.tgz
16 verbose correctMkdir /Users/tymm0/.npm correctMkdir not in flight; initializing
17 silly cache afterAdd node-logger@1.0.0
18 verbose afterAdd /Users/tymm0/.npm/node-logger/1.0.0/package/package.json not in flight; writing
19 verbose correctMkdir /Users/tymm0/.npm correctMkdir not in flight; initializing
20 verbose afterAdd /Users/tymm0/.npm/node-logger/1.0.0/package/package.json written
21 silly publish { name: 'node-logger',
21 silly publish   version: '1.0.0',
21 silly publish   description: 'A simple logger',
21 silly publish   main: 'logger.js',
21 silly publish   repository:
21 silly publish    { type: 'git',
21 silly publish      url: 'git+ssh://git@github.com/hackwork-tymm0/node-logger.git' },
21 silly publish   keywords: [ 'log', 'logger', 'console' ],
21 silly publish   author: { name: 'tymm0' },
21 silly publish   license: 'MIT',
21 silly publish   bugs: { url: 'https://github.com/hackwork-tymm0/node-logger/issues' },
21 silly publish   homepage: 'https://github.com/hackwork-tymm0/node-logger#readme',
21 silly publish   dependencies: { colors: '^1.1.2', 'time-stamp': '^2.0.0' },
21 silly publish   readme: '# node-logger\nA simple logger\n\n## Install\n```\nnpm install node-logger --save\n```\n\n## Example\n```js\n\nconst Logger = require(\'node-logger\');\nconst log = new Logger();\n\nlog.write("Hello"); //  [16:20:43:816]  Hello\nlog.success("You love beer!"); //  [16:20:43:822]  You love beer!\nlog.error("You not have beer :("); // [16:20:43:822]  You not have beer :(\n\n```\n\n![This show](/screenshot.png "This show")\n\n## Methods\n\n<b>Logger::write(String text)<b> - write simple log <br>\n<b>Logger::success(String text)<b> - write success log <br>\n<b>Logger::error(String text)<b> - write error log',
21 silly publish   readmeFilename: 'README.md',
21 silly publish   gitHead: '4f08526bce6c2b4c08073f186099f1e711e4f265',
21 silly publish   _id: 'node-logger@1.0.0',
21 silly publish   scripts: {},
21 silly publish   _shasum: '7fef9bf253aaaffb0df065a2f78f6922a15554ad',
21 silly publish   _from: '.' }
22 verbose getPublishConfig undefined
23 silly mapToRegistry name node-logger
24 silly mapToRegistry using default registry
25 silly mapToRegistry registry https://registry.npmjs.org/
26 silly mapToRegistry data Result {
26 silly mapToRegistry   raw: 'node-logger',
26 silly mapToRegistry   scope: null,
26 silly mapToRegistry   escapedName: 'node-logger',
26 silly mapToRegistry   name: 'node-logger',
26 silly mapToRegistry   rawSpec: '',
26 silly mapToRegistry   spec: 'latest',
26 silly mapToRegistry   type: 'tag' }
27 silly mapToRegistry uri https://registry.npmjs.org/node-logger
28 verbose publish registryBase https://registry.npmjs.org/
29 silly publish uploading /Users/tymm0/.npm/node-logger/1.0.0/package.tgz
30 verbose request uri https://registry.npmjs.org/node-logger
31 verbose request sending authorization for write operation
32 info attempt registry request try #1 at 16:35:14
33 verbose request using bearer token for auth
34 verbose request id edfbfefb1a1f443a
35 http request PUT https://registry.npmjs.org/node-logger
36 http 403 https://registry.npmjs.org/node-logger
37 verbose headers { 'content-type': 'application/json',
37 verbose headers   'cache-control': 'max-age=300',
37 verbose headers   'content-length': '105',
37 verbose headers   'accept-ranges': 'bytes',
37 verbose headers   date: 'Thu, 24 Aug 2017 13:35:15 GMT',
37 verbose headers   via: '1.1 varnish',
37 verbose headers   connection: 'keep-alive',
37 verbose headers   'x-served-by': 'cache-bma7032-BMA',
37 verbose headers   'x-cache': 'MISS',
37 verbose headers   'x-cache-hits': '0',
37 verbose headers   'x-timer': 'S1503581715.870126,VS0,VE923',
37 verbose headers   vary: 'Accept-Encoding, Accept' }
38 verbose request invalidating /Users/tymm0/.npm/registry.npmjs.org/node-logger on PUT
39 error publish Failed PUT 403
40 verbose stack Error: You do not have permission to publish "node-logger". Are you logged in as the correct user? : node-logger
40 verbose stack     at makeError (/usr/local/lib/node_modules/npm/node_modules/npm-registry-client/lib/request.js:302:12)
40 verbose stack     at CachingRegistryClient.<anonymous> (/usr/local/lib/node_modules/npm/node_modules/npm-registry-client/lib/request.js:290:14)
40 verbose stack     at Request._callback (/usr/local/lib/node_modules/npm/node_modules/npm-registry-client/lib/request.js:210:14)
40 verbose stack     at Request.self.callback (/usr/local/lib/node_modules/npm/node_modules/request/request.js:187:22)
40 verbose stack     at emitTwo (events.js:106:13)
40 verbose stack     at Request.emit (events.js:191:7)
40 verbose stack     at Request.<anonymous> (/usr/local/lib/node_modules/npm/node_modules/request/request.js:1048:10)
40 verbose stack     at emitOne (events.js:96:13)
40 verbose stack     at Request.emit (events.js:188:7)
40 verbose stack     at IncomingMessage.<anonymous> (/usr/local/lib/node_modules/npm/node_modules/request/request.js:969:12)
41 verbose statusCode 403
42 verbose pkgid node-logger
43 verbose cwd /Users/tymm0/Documents/NodeProjects/node-logger
44 error Darwin 16.7.0
45 error argv "/usr/local/bin/node" "/usr/local/bin/npm" "publish"
46 error node v6.11.0
47 error npm  v3.10.10
48 error code E403
49 error You do not have permission to publish "node-logger". Are you logged in as the correct user? : node-logger
50 error If you need help, you may report this error at:
50 error     <https://github.com/npm/npm/issues>
51 verbose exit [ 1, true ]
